0 info it worked if it ends with ok
1 verbose cli [ '/usr/local/bin/node', '/usr/local/bin/npm', 'run', 'sfs' ]
2 info using npm@3.10.8
3 info using node@v6.9.1
4 verbose run-script [ 'presfs', 'sfs', 'postsfs' ]
5 info lifecycle proyecto@1.0.0~presfs: proyecto@1.0.0
6 silly lifecycle proyecto@1.0.0~presfs: no script for presfs, continuing
7 info lifecycle proyecto@1.0.0~sfs: proyecto@1.0.0
8 verbose lifecycle proyecto@1.0.0~sfs: unsafe-perm in lifecycle true
9 verbose lifecycle proyecto@1.0.0~sfs: PATH: /usr/local/lib/node_modules/npm/bin/node-gyp-bin:/Users/zack/Documents/development/react/proyecto/node_modules/.bin:/usr/local/bin:/usr/bin:/bin:/usr/sbin:/sbin
10 verbose lifecycle proyecto@1.0.0~sfs: CWD: /Users/zack/Documents/development/react/proyecto
11 silly lifecycle proyecto@1.0.0~sfs: Args: [ '-c', 'server ./built/statics/ --port 3001 --cache 0' ]
12 info lifecycle proyecto@1.0.0~sfs: Failed to exec sfs script
13 verbose stack Error: proyecto@1.0.0 sfs: `server ./built/statics/ --port 3001 --cache 0`
13 verbose stack spawn ENOENT
13 verbose stack     at ChildProcess.<anonymous> (/usr/local/lib/node_modules/npm/lib/utils/spawn.js:33:16)
13 verbose stack     at emitTwo (events.js:106:13)
13 verbose stack     at ChildProcess.emit (events.js:191:7)
13 verbose stack     at maybeClose (internal/child_process.js:877:16)
13 verbose stack     at Process.ChildProcess._handle.onexit (internal/child_process.js:226:5)
14 verbose pkgid proyecto@1.0.0
15 verbose cwd /Users/zack/Documents/development/react/proyecto
16 error Darwin 16.4.0
17 error argv "/usr/local/bin/node" "/usr/local/bin/npm" "run" "sfs"
18 error node v6.9.1
19 error npm  v3.10.8
20 error file sh
21 error code ELIFECYCLE
22 error errno ENOENT
23 error syscall spawn
24 error proyecto@1.0.0 sfs: `server ./built/statics/ --port 3001 --cache 0`
24 error spawn ENOENT
25 error Failed at the proyecto@1.0.0 sfs script 'server ./built/statics/ --port 3001 --cache 0'.
25 error Make sure you have the latest version of node.js and npm installed.
25 error If you do, this is most likely a problem with the proyecto package,
25 error not with npm itself.
25 error Tell the author that this fails on your system:
25 error     server ./built/statics/ --port 3001 --cache 0
25 error You can get information on how to open an issue for this project with:
25 error     npm bugs proyecto
25 error Or if that isn't available, you can get their info via:
25 error     npm owner ls proyecto
25 error There is likely additional logging output above.
26 verbose exit [ 1, true ]
